;  LST file generated by mikroListExporter - v.2.0 
; Date/Time: 7/29/2023 6:47:55 PM
;----------------------------------------------

;Address Opcode 	ASM
0x0000	0x2816      	GOTO       22
_____DoICP:
;__Lib_System.c,6 :: 		
;__Lib_System.c,9 :: 		
0x0003	0x1283      	BCF        STATUS, 5
0x0004	0x1303      	BCF        STATUS, 6
0x0005	0x0824      	MOVF       ___DoICPAddr+1, 0
0x0006	0x008A      	MOVWF      PCLATH
;__Lib_System.c,10 :: 		
0x0007	0x0823      	MOVF       ___DoICPAddr, 0
0x0008	0x0082      	MOVWF      PCL
;__Lib_System.c,12 :: 		
L_end_____DoICP:
0x0009	0x0008      	RETURN
; end of _____DoICP
___CC2DW:
;__Lib_System.c,134 :: 		
;__Lib_System.c,137 :: 		
_CC2D_Loop1:
;__Lib_System.c,139 :: 		
0x000A	0x2003      	CALL       _____DoICP
0x000B	0x118A      	BCF        PCLATH, 3
0x000C	0x120A      	BCF        PCLATH, 4
;__Lib_System.c,141 :: 		
0x000D	0x0080      	MOVWF      INDF
;__Lib_System.c,142 :: 		
0x000E	0x0A84      	INCF       FSR, 1
;__Lib_System.c,143 :: 		
0x000F	0x0AA3      	INCF       ___DoICPAddr, 1
;__Lib_System.c,145 :: 		
0x0010	0x1903      	BTFSC      STATUS, 2
;__Lib_System.c,146 :: 		
0x0011	0x0AA4      	INCF       ___DoICPAddr+1, 1
;__Lib_System.c,147 :: 		
0x0012	0x03F0      	DECF       R0, 1
;__Lib_System.c,149 :: 		
0x0013	0x1D03      	BTFSS      STATUS, 2
;__Lib_System.c,150 :: 		
0x0014	0x280A      	GOTO       _CC2D_Loop1
;__Lib_System.c,152 :: 		
L_end___CC2DW:
0x0015	0x0008      	RETURN
; end of ___CC2DW
_main:
0x0016	0x1283      	BCF        STATUS, 5
0x0017	0x1303      	BCF        STATUS, 6
0x0018	0x01A0      	CLRF       _k
0x0019	0x01A1      	CLRF       _i
0x001A	0x01A2      	CLRF       _j
;code.c,4 :: 		void main(){
;code.c,6 :: 		adcon1 = 7;
0x001B	0x3007      	MOVLW      7
0x001C	0x1683      	BSF        STATUS, 5
0x001D	0x009F      	MOVWF      ADCON1
;code.c,7 :: 		trisa = 0b00001111;
0x001E	0x300F      	MOVLW      15
0x001F	0x0085      	MOVWF      TRISA
;code.c,8 :: 		trisb = 0b00000000;
0x0020	0x0186      	CLRF       TRISB
;code.c,9 :: 		trisc = 0B00000000;
0x0021	0x0187      	CLRF       TRISC
;code.c,10 :: 		trisd = 0b00000000;
0x0022	0x0188      	CLRF       TRISD
;code.c,11 :: 		portd = 0;
0x0023	0x1283      	BCF        STATUS, 5
0x0024	0x0188      	CLRF       PORTD
;code.c,12 :: 		portc = 0;
0x0025	0x0187      	CLRF       PORTC
;code.c,13 :: 		portb = 0;
0x0026	0x0186      	CLRF       PORTB
;code.c,18 :: 		while(1){
L_main0:
;code.c,19 :: 		while(porta.b0 == 1){
L_main2:
0x0027	0x1C05      	BTFSS      PORTA, 0
0x0028	0x28A1      	GOTO       L_main3
;code.c,20 :: 		portd.b0 = 1;
0x0029	0x1408      	BSF        PORTD, 0
;code.c,21 :: 		portd.b5 = 1;
0x002A	0x1688      	BSF        PORTD, 5
;code.c,22 :: 		j = 2;
0x002B	0x3002      	MOVLW      2
0x002C	0x00A2      	MOVWF      _j
;code.c,23 :: 		for(i = 1 ; i > -1 ; i--){
0x002D	0x3001      	MOVLW      1
0x002E	0x00A1      	MOVWF      _i
L_main4:
0x002F	0x3080      	MOVLW      128
0x0030	0x3AFF      	XORLW      255
0x0031	0x00F0      	MOVWF      R0
0x0032	0x3080      	MOVLW      128
0x0033	0x0621      	XORWF      _i, 0
0x0034	0x0270      	SUBWF      R0, 0
0x0035	0x1803      	BTFSC      STATUS, 0
0x0036	0x2861      	GOTO       L_main5
;code.c,24 :: 		portc = i;
0x0037	0x0821      	MOVF       _i, 0
0x0038	0x0087      	MOVWF      PORTC
;code.c,25 :: 		for(;j > -1 ; j--){
L_main7:
0x0039	0x3080      	MOVLW      128
0x003A	0x3AFF      	XORLW      255
0x003B	0x00F0      	MOVWF      R0
0x003C	0x3080      	MOVLW      128
0x003D	0x0622      	XORWF      _j, 0
0x003E	0x0270      	SUBWF      R0, 0
0x003F	0x1803      	BTFSC      STATUS, 0
0x0040	0x285D      	GOTO       L_main8
;code.c,26 :: 		portb = j;
0x0041	0x0822      	MOVF       _j, 0
0x0042	0x0086      	MOVWF      PORTB
;code.c,27 :: 		if(j == 3 && i == 0){
0x0043	0x0822      	MOVF       _j, 0
0x0044	0x3A03      	XORLW      3
0x0045	0x1D03      	BTFSS      STATUS, 2
0x0046	0x284D      	GOTO       L_main12
0x0047	0x0821      	MOVF       _i, 0
0x0048	0x3A00      	XORLW      0
0x0049	0x1D03      	BTFSS      STATUS, 2
0x004A	0x284D      	GOTO       L_main12
L__main41:
;code.c,28 :: 		portd.b5 = 0;
0x004B	0x1288      	BCF        PORTD, 5
;code.c,29 :: 		portd.b4 = 1;
0x004C	0x1608      	BSF        PORTD, 4
;code.c,30 :: 		}
L_main12:
;code.c,31 :: 		delay_ms(1000);
0x004D	0x300B      	MOVLW      11
0x004E	0x00FB      	MOVWF      R11
0x004F	0x3026      	MOVLW      38
0x0050	0x00FC      	MOVWF      R12
0x0051	0x305D      	MOVLW      93
0x0052	0x00FD      	MOVWF      R13
L_main13:
0x0053	0x0BFD      	DECFSZ     R13, 1
0x0054	0x2853      	GOTO       L_main13
0x0055	0x0BFC      	DECFSZ     R12, 1
0x0056	0x2853      	GOTO       L_main13
0x0057	0x0BFB      	DECFSZ     R11, 1
0x0058	0x2853      	GOTO       L_main13
0x0059	0x0000      	NOP
0x005A	0x0000      	NOP
;code.c,25 :: 		for(;j > -1 ; j--){
0x005B	0x03A2      	DECF       _j, 1
;code.c,32 :: 		}
0x005C	0x2839      	GOTO       L_main7
L_main8:
;code.c,33 :: 		j = 9;
0x005D	0x3009      	MOVLW      9
0x005E	0x00A2      	MOVWF      _j
;code.c,23 :: 		for(i = 1 ; i > -1 ; i--){
0x005F	0x03A1      	DECF       _i, 1
;code.c,34 :: 		}
0x0060	0x282F      	GOTO       L_main4
L_main5:
;code.c,36 :: 		portd.b4 = 0;
0x0061	0x1208      	BCF        PORTD, 4
;code.c,37 :: 		portd.b0 = 0;
0x0062	0x1008      	BCF        PORTD, 0
;code.c,38 :: 		if(porta.b0 == 0)break;
0x0063	0x1805      	BTFSC      PORTA, 0
0x0064	0x2866      	GOTO       L_main14
0x0065	0x28A1      	GOTO       L_main3
L_main14:
;code.c,39 :: 		portd.b2 = 1;
0x0066	0x1508      	BSF        PORTD, 2
;code.c,40 :: 		portd.b3 = 1;
0x0067	0x1588      	BSF        PORTD, 3
;code.c,41 :: 		j = 3;
0x0068	0x3003      	MOVLW      3
0x0069	0x00A2      	MOVWF      _j
;code.c,42 :: 		for(i = 2 ; i > -1 ; i--){
0x006A	0x3002      	MOVLW      2
0x006B	0x00A1      	MOVWF      _i
L_main15:
0x006C	0x3080      	MOVLW      128
0x006D	0x3AFF      	XORLW      255
0x006E	0x00F0      	MOVWF      R0
0x006F	0x3080      	MOVLW      128
0x0070	0x0621      	XORWF      _i, 0
0x0071	0x0270      	SUBWF      R0, 0
0x0072	0x1803      	BTFSC      STATUS, 0
0x0073	0x289E      	GOTO       L_main16
;code.c,43 :: 		portc = i;
0x0074	0x0821      	MOVF       _i, 0
0x0075	0x0087      	MOVWF      PORTC
;code.c,44 :: 		for(;j > -1 ; j--){
L_main18:
0x0076	0x3080      	MOVLW      128
0x0077	0x3AFF      	XORLW      255
0x0078	0x00F0      	MOVWF      R0
0x0079	0x3080      	MOVLW      128
0x007A	0x0622      	XORWF      _j, 0
0x007B	0x0270      	SUBWF      R0, 0
0x007C	0x1803      	BTFSC      STATUS, 0
0x007D	0x289A      	GOTO       L_main19
;code.c,45 :: 		portb = j;
0x007E	0x0822      	MOVF       _j, 0
0x007F	0x0086      	MOVWF      PORTB
;code.c,46 :: 		if(j == 3 && i == 0){
0x0080	0x0822      	MOVF       _j, 0
0x0081	0x3A03      	XORLW      3
0x0082	0x1D03      	BTFSS      STATUS, 2
0x0083	0x288A      	GOTO       L_main23
0x0084	0x0821      	MOVF       _i, 0
0x0085	0x3A00      	XORLW      0
0x0086	0x1D03      	BTFSS      STATUS, 2
0x0087	0x288A      	GOTO       L_main23
L__main40:
;code.c,47 :: 		portd.b2 = 0;
0x0088	0x1108      	BCF        PORTD, 2
;code.c,48 :: 		portd.b1 = 1;
0x0089	0x1488      	BSF        PORTD, 1
;code.c,49 :: 		}
L_main23:
;code.c,50 :: 		delay_ms(1000);
0x008A	0x300B      	MOVLW      11
0x008B	0x00FB      	MOVWF      R11
0x008C	0x3026      	MOVLW      38
0x008D	0x00FC      	MOVWF      R12
0x008E	0x305D      	MOVLW      93
0x008F	0x00FD      	MOVWF      R13
L_main24:
0x0090	0x0BFD      	DECFSZ     R13, 1
0x0091	0x2890      	GOTO       L_main24
0x0092	0x0BFC      	DECFSZ     R12, 1
0x0093	0x2890      	GOTO       L_main24
0x0094	0x0BFB      	DECFSZ     R11, 1
0x0095	0x2890      	GOTO       L_main24
0x0096	0x0000      	NOP
0x0097	0x0000      	NOP
;code.c,44 :: 		for(;j > -1 ; j--){
0x0098	0x03A2      	DECF       _j, 1
;code.c,51 :: 		}
0x0099	0x2876      	GOTO       L_main18
L_main19:
;code.c,52 :: 		j = 9;
0x009A	0x3009      	MOVLW      9
0x009B	0x00A2      	MOVWF      _j
;code.c,42 :: 		for(i = 2 ; i > -1 ; i--){
0x009C	0x03A1      	DECF       _i, 1
;code.c,53 :: 		}
0x009D	0x286C      	GOTO       L_main15
L_main16:
;code.c,54 :: 		portd.B1 = 0;
0x009E	0x1088      	BCF        PORTD, 1
;code.c,55 :: 		portd.b3 = 0;
0x009F	0x1188      	BCF        PORTD, 3
;code.c,56 :: 		}
0x00A0	0x2827      	GOTO       L_main2
L_main3:
;code.c,62 :: 		while(porta.b0 == 0){
L_main25:
0x00A1	0x1805      	BTFSC      PORTA, 0
0x00A2	0x28E5      	GOTO       L_main26
;code.c,63 :: 		if(porta.b1 == 1){
0x00A3	0x1C85      	BTFSS      PORTA, 1
0x00A4	0x28A9      	GOTO       L_main27
;code.c,64 :: 		portd = 0b00100001;
0x00A5	0x3021      	MOVLW      33
0x00A6	0x0088      	MOVWF      PORTD
;code.c,65 :: 		k = 0;
0x00A7	0x01A0      	CLRF       _k
;code.c,66 :: 		}
0x00A8	0x28E4      	GOTO       L_main28
L_main27:
;code.c,67 :: 		else if(porta.b2 == 1){
0x00A9	0x1D05      	BTFSS      PORTA, 2
0x00AA	0x28E0      	GOTO       L_main29
;code.c,68 :: 		if(k == 0){
0x00AB	0x0820      	MOVF       _k, 0
0x00AC	0x3A00      	XORLW      0
0x00AD	0x1D03      	BTFSS      STATUS, 2
0x00AE	0x28B2      	GOTO       L_main30
;code.c,69 :: 		portd = 0b00010001;
0x00AF	0x3011      	MOVLW      17
0x00B0	0x0088      	MOVWF      PORTD
;code.c,70 :: 		}
0x00B1	0x28B4      	GOTO       L_main31
L_main30:
;code.c,72 :: 		portd = 0b00001010;
0x00B2	0x300A      	MOVLW      10
0x00B3	0x0088      	MOVWF      PORTD
;code.c,73 :: 		}
L_main31:
;code.c,74 :: 		for(i = 0;i > -1;i--){
0x00B4	0x01A1      	CLRF       _i
L_main32:
0x00B5	0x3080      	MOVLW      128
0x00B6	0x3AFF      	XORLW      255
0x00B7	0x00F0      	MOVWF      R0
0x00B8	0x3080      	MOVLW      128
0x00B9	0x0621      	XORWF      _i, 0
0x00BA	0x0270      	SUBWF      R0, 0
0x00BB	0x1803      	BTFSC      STATUS, 0
0x00BC	0x28DD      	GOTO       L_main33
;code.c,75 :: 		portc = i;
0x00BD	0x0821      	MOVF       _i, 0
0x00BE	0x0087      	MOVWF      PORTC
;code.c,76 :: 		for(j = 3; j > -1 ; j--){
0x00BF	0x3003      	MOVLW      3
0x00C0	0x00A2      	MOVWF      _j
L_main35:
0x00C1	0x3080      	MOVLW      128
0x00C2	0x3AFF      	XORLW      255
0x00C3	0x00F0      	MOVWF      R0
0x00C4	0x3080      	MOVLW      128
0x00C5	0x0622      	XORWF      _j, 0
0x00C6	0x0270      	SUBWF      R0, 0
0x00C7	0x1803      	BTFSC      STATUS, 0
0x00C8	0x28DB      	GOTO       L_main36
;code.c,77 :: 		portb = j;
0x00C9	0x0822      	MOVF       _j, 0
0x00CA	0x0086      	MOVWF      PORTB
;code.c,78 :: 		delay_ms(1000);
0x00CB	0x300B      	MOVLW      11
0x00CC	0x00FB      	MOVWF      R11
0x00CD	0x3026      	MOVLW      38
0x00CE	0x00FC      	MOVWF      R12
0x00CF	0x305D      	MOVLW      93
0x00D0	0x00FD      	MOVWF      R13
L_main38:
0x00D1	0x0BFD      	DECFSZ     R13, 1
0x00D2	0x28D1      	GOTO       L_main38
0x00D3	0x0BFC      	DECFSZ     R12, 1
0x00D4	0x28D1      	GOTO       L_main38
0x00D5	0x0BFB      	DECFSZ     R11, 1
0x00D6	0x28D1      	GOTO       L_main38
0x00D7	0x0000      	NOP
0x00D8	0x0000      	NOP
;code.c,76 :: 		for(j = 3; j > -1 ; j--){
0x00D9	0x03A2      	DECF       _j, 1
;code.c,79 :: 		}
0x00DA	0x28C1      	GOTO       L_main35
L_main36:
;code.c,74 :: 		for(i = 0;i > -1;i--){
0x00DB	0x03A1      	DECF       _i, 1
;code.c,80 :: 		}
0x00DC	0x28B5      	GOTO       L_main32
L_main33:
;code.c,81 :: 		portd.b1 = 0;
0x00DD	0x1088      	BCF        PORTD, 1
;code.c,82 :: 		portd.b4 = 0;
0x00DE	0x1208      	BCF        PORTD, 4
;code.c,83 :: 		}
0x00DF	0x28E4      	GOTO       L_main39
L_main29:
;code.c,85 :: 		portd = 0b00001100;
0x00E0	0x300C      	MOVLW      12
0x00E1	0x0088      	MOVWF      PORTD
;code.c,86 :: 		k = 1;
0x00E2	0x3001      	MOVLW      1
0x00E3	0x00A0      	MOVWF      _k
;code.c,87 :: 		}
L_main39:
L_main28:
;code.c,88 :: 		}
0x00E4	0x28A1      	GOTO       L_main25
L_main26:
;code.c,89 :: 		portd = 0;
0x00E5	0x0188      	CLRF       PORTD
;code.c,90 :: 		}
0x00E6	0x2827      	GOTO       L_main0
;code.c,91 :: 		}
L_end_main:
0x00E7	0x28E7      	GOTO       $+0
; end of _main
Symbol List:
//** Routines locations **
//ADDRESS    SIZE    PROCEDURE
//----------------------------------------------
0x0003       [7]    _____DoICP
0x000A      [12]    ___CC2DW
0x0016     [210]    _main
//** Variables locations ** 
//ADDRESS    SIZE    VARIABLE
//----------------------------------------------
0x0000       [1]    INDF
0x0002       [1]    PCL
0x0003       [1]    STATUS
0x0004       [1]    FSR
0x0005       [1]    PORTA
0x0006       [1]    PORTB
0x0007       [1]    PORTC
0x0008       [1]    PORTD
0x000A       [1]    PCLATH
0x0020       [1]    _k
0x0021       [1]    _i
0x0022       [1]    _j
0x0023       [2]    ___DoICPAddr
0x0070       [1]    R0
0x0071       [1]    R1
0x0072       [1]    R2
0x0073       [1]    R3
0x0074       [1]    R4
0x0075       [1]    R5
0x0076       [1]    R6
0x0077       [1]    R7
0x0078       [1]    R8
0x0079       [1]    R9
0x007A       [1]    R10
0x007B       [1]    R11
0x007C       [1]    R12
0x007D       [1]    R13
0x007E       [1]    R14
0x007F       [1]    R15
0x0085       [1]    TRISA
0x0086       [1]    TRISB
0x0087       [1]    TRISC
0x0088       [1]    TRISD
0x009F       [1]    ADCON1
//** Label List: ** 
//----------------------------------------------
  L_main0
  L_main1
  L_main2
  L_main3
  L_main4
  L_main5
  L_main6
  L_main7
  L_main8
  L_main9
  L_main10
  L_main11
  L_main12
  L_main13
  L_main14
  L_main15
  L_main16
  L_main17
  L_main18
  L_main19
  L_main20
  L_main21
  L_main22
  L_main23
  L_main24
  L_main25
  L_main26
  L_main27
  L_main28
  L_main29
  L_main30
  L_main31
  L_main32
  L_main33
  L_main34
  L_main35
  L_main36
  L_main37
  L_main38
  L_main39
  L__main40
  L__main41
  L_end_main
  _main
  L_loopCA2AWs
  L_CA2AWend
  _CCA2AW_Loop1
  L_loopCS2Ss
  L_CS2Send
  _CCS2S_Loop1
  L_CCS2Send
  L_loopFZinSWs
  L_FZinSend
  _CC2D_Loop1
  L_end_____DoICP
  _____DoICP
  L_end_____DoIFC
  _____DoIFC
  L_end___CA2AW
  ___CA2AW
  L_end___CCA2AW
  ___CCA2AW
  L_end___CS2S
  ___CS2S
  L_end___CCS2S
  ___CCS2S
  L_end___FZinS
  ___FZinS
  L_end___CC2DW
  ___CC2DW
  L_end_Swap
  _Swap
